# JRE version: OpenJDK Runtime Environment Temurin-17.0.10+7 (17.0.10+7) (build 17.0.10+7)
# Java VM: OpenJDK 64-Bit Server VM Temurin-17.0.10+7 (17.0.10+7, mixed mode, emulated-client, tiered, compressed oops, compressed class ptrs, g1 gc, windows-amd64)
GC Precious Log:
 CPUs: 6 total, 6 available
 Memory: 7547M
 Large Page Support: Disabled
 NUMA Support: Disabled
 Compressed Oops: Enabled (32-bit)
 Heap Region Size: 1M
 Heap Min Capacity: 8M
 Heap Initial Capacity: 118M
 Heap Max Capacity: 1G
 Pre-touch: Disabled
 Parallel Workers: 6
 Concurrent Workers: 2
 Concurrent Refinement Workers: 6
 Periodic GC: Disabled
Heap:
 garbage-first heap   total 122880K, used 36790K [0x00000000c0000000, 0x0000000100000000)
  region size 1024K, 1 young (1024K), 0 survivors (0K)
 Metaspace       used 62190K, committed 62592K, reserved 1114112K
  class space    used 7522K, committed 7744K, reserved 1048576K
GC Heap History (20 events):
Event: 8477.987 GC heap before
{Heap before GC invocations=587 (full 507):
 garbage-first heap   total 122880K, used 36790K [0x00000000c0000000, 0x0000000100000000)
  region size 1024K, 1 young (1024K), 0 survivors (0K)
 Metaspace       used 62190K, committed 62592K, reserved 1114112K
  class space    used 7522K, committed 7744K, reserved 1048576K
}
Event: 8478.043 GC heap after
{Heap after GC invocations=588 (full 508):
 garbage-first heap   total 122880K, used 36790K [0x00000000c0000000, 0x0000000100000000)
  region size 1024K, 0 young (0K), 0 survivors (0K)
 Metaspace       used 62190K, committed 62592K, reserved 1114112K
  class space    used 7522K, committed 7744K, reserved 1048576K
}
Event: 8489.776 GC heap before
{Heap before GC invocations=588 (full 508):
 garbage-first heap   total 122880K, used 36790K [0x00000000c0000000, 0x0000000100000000)
  region size 1024K, 1 young (1024K), 0 survivors (0K)
 Metaspace       used 62190K, committed 62592K, reserved 1114112K
  class space    used 7522K, committed 7744K, reserved 1048576K
}
Event: 8489.850 GC heap after
{Heap after GC invocations=589 (full 509):
 garbage-first heap   total 122880K, used 36790K [0x00000000c0000000, 0x0000000100000000)
  region size 1024K, 0 young (0K), 0 survivors (0K)
 Metaspace       used 62190K, committed 62592K, reserved 1114112K
  class space    used 7522K, committed 7744K, reserved 1048576K
}
Event: 8503.928 GC heap before
{Heap before GC invocations=589 (full 509):
 garbage-first heap   total 122880K, used 36790K [0x00000000c0000000, 0x0000000100000000)
  region size 1024K, 1 young (1024K), 0 survivors (0K)
 Metaspace       used 62190K, committed 62592K, reserved 1114112K
  class space    used 7522K, committed 7744K, reserved 1048576K
}
Event: 8503.989 GC heap after
{Heap after GC invocations=590 (full 510):
 garbage-first heap   total 122880K, used 36790K [0x00000000c0000000, 0x0000000100000000)
  region size 1024K, 0 young (0K), 0 survivors (0K)
 Metaspace       used 62190K, committed 62592K, reserved 1114112K
  class space    used 7522K, committed 7744K, reserved 1048576K
}
Event: 8520.606 GC heap before
{Heap before GC invocations=590 (full 510):
 garbage-first heap   total 122880K, used 36790K [0x00000000c0000000, 0x0000000100000000)
  region size 1024K, 1 young (1024K), 0 survivors (0K)
 Metaspace       used 62190K, committed 62592K, reserved 1114112K
  class space    used 7522K, committed 7744K, reserved 1048576K
}
Event: 8520.674 GC heap after
{Heap after GC invocations=591 (full 511):
 garbage-first heap   total 122880K, used 36790K [0x00000000c0000000, 0x0000000100000000)
  region size 1024K, 0 young (0K), 0 survivors (0K)
 Metaspace       used 62190K, committed 62592K, reserved 1114112K
  class space    used 7522K, committed 7744K, reserved 1048576K
}
Event: 8534.360 GC heap before
{Heap before GC invocations=591 (full 511):
 garbage-first heap   total 122880K, used 36790K [0x00000000c0000000, 0x0000000100000000)
  region size 1024K, 1 young (1024K), 0 survivors (0K)
 Metaspace       used 62190K, committed 62592K, reserved 1114112K
  class space    used 7522K, committed 7744K, reserved 1048576K
}
Event: 8534.850 GC heap after
{Heap after GC invocations=592 (full 512):
 garbage-first heap   total 122880K, used 36790K [0x00000000c0000000, 0x0000000100000000)
  region size 1024K, 0 young (0K), 0 survivors (0K)
 Metaspace       used 62190K, committed 62592K, reserved 1114112K
  class space    used 7522K, committed 7744K, reserved 1048576K
}
Event: 8545.636 GC heap before
{Heap before GC invocations=592 (full 512):
 garbage-first heap   total 122880K, used 36790K [0x00000000c0000000, 0x0000000100000000)
  region size 1024K, 1 young (1024K), 0 survivors (0K)
 Metaspace       used 62190K, committed 62592K, reserved 1114112K
  class space    used 7522K, committed 7744K, reserved 1048576K
}
Event: 8545.691 GC heap after
{Heap after GC invocations=593 (full 513):
 garbage-first heap   total 122880K, used 36790K [0x00000000c0000000, 0x0000000100000000)
  region size 1024K, 0 young (0K), 0 survivors (0K)
 Metaspace       used 62190K, committed 62592K, reserved 1114112K
  class space    used 7522K, committed 7744K, reserved 1048576K
}
Event: 8557.226 GC heap before
{Heap before GC invocations=593 (full 513):
 garbage-first heap   total 122880K, used 36790K [0x00000000c0000000, 0x0000000100000000)
  region size 1024K, 1 young (1024K), 0 survivors (0K)
 Metaspace       used 62190K, committed 62592K, reserved 1114112K
  class space    used 7522K, committed 7744K, reserved 1048576K
}
Event: 8557.283 GC heap after
{Heap after GC invocations=594 (full 514):
 garbage-first heap   total 122880K, used 36790K [0x00000000c0000000, 0x0000000100000000)
  region size 1024K, 0 young (0K), 0 survivors (0K)
 Metaspace       used 62190K, committed 62592K, reserved 1114112K
  class space    used 7522K, committed 7744K, reserved 1048576K
}
Event: 8568.465 GC heap before
{Heap before GC invocations=594 (full 514):
 garbage-first heap   total 122880K, used 36790K [0x00000000c0000000, 0x0000000100000000)
  region size 1024K, 1 young (1024K), 0 survivors (0K)
 Metaspace       used 62190K, committed 62592K, reserved 1114112K
  class space    used 7522K, committed 7744K, reserved 1048576K
}
Event: 8568.532 GC heap after
{Heap after GC invocations=595 (full 515):
 garbage-first heap   total 122880K, used 36790K [0x00000000c0000000, 0x0000000100000000)
  region size 1024K, 0 young (0K), 0 survivors (0K)
 Metaspace       used 62190K, committed 62592K, reserved 1114112K
  class space    used 7522K, committed 7744K, reserved 1048576K
}
Event: 8583.164 GC heap before
{Heap before GC invocations=595 (full 515):
 garbage-first heap   total 122880K, used 36790K [0x00000000c0000000, 0x0000000100000000)
  region size 1024K, 1 young (1024K), 0 survivors (0K)
 Metaspace       used 62190K, committed 62592K, reserved 1114112K
  class space    used 7522K, committed 7744K, reserved 1048576K
}
Event: 8583.214 GC heap after
{Heap after GC invocations=596 (full 516):
 garbage-first heap   total 122880K, used 36790K [0x00000000c0000000, 0x0000000100000000)
  region size 1024K, 0 young (0K), 0 survivors (0K)
 Metaspace       used 62190K, committed 62592K, reserved 1114112K
  class space    used 7522K, committed 7744K, reserved 1048576K
}
Event: 8594.237 GC heap before
{Heap before GC invocations=596 (full 516):
 garbage-first heap   total 122880K, used 36790K [0x00000000c0000000, 0x0000000100000000)
  region size 1024K, 1 young (1024K), 0 survivors (0K)
 Metaspace       used 62190K, committed 62592K, reserved 1114112K
  class space    used 7522K, committed 7744K, reserved 1048576K
}
Event: 8594.293 GC heap after
{Heap after GC invocations=597 (full 517):
 garbage-first heap   total 122880K, used 36790K [0x00000000c0000000, 0x0000000100000000)
  region size 1024K, 0 young (0K), 0 survivors (0K)
 Metaspace       used 62190K, committed 62592K, reserved 1114112K
  class space    used 7522K, committed 7744K, reserved 1048576K
}

